<?xml version="1.0" encoding="UTF-8"?>
<testsuite name="com.application.ApplicationTests" tests="1" skipped="0" failures="0" errors="0" timestamp="2023-03-01T10:01:58" hostname="WGC100BL7WTG3" time="0.522">
  <properties/>
  <testcase name="registerWalletTests()" classname="com.application.ApplicationTests" time="0.522"/>
  <system-out><![CDATA[15:31:53.038 [Test worker] DEBUG org.springframework.test.context.BootstrapUtils - Instantiating CacheAwareContextLoaderDelegate from class [org.springframework.test.context.cache.DefaultCacheAwareContextLoaderDelegate]
15:31:53.047 [Test worker] DEBUG org.springframework.test.context.BootstrapUtils - Instantiating BootstrapContext using constructor [public org.springframework.test.context.support.DefaultBootstrapContext(java.lang.Class,org.springframework.test.context.CacheAwareContextLoaderDelegate)]
15:31:53.070 [Test worker] DEBUG org.springframework.test.context.BootstrapUtils - Instantiating TestContextBootstrapper for test class [com.application.ApplicationTests] from class [org.springframework.boot.test.context.SpringBootTestContextBootstrapper]
15:31:53.081 [Test worker] INFO org.springframework.boot.test.context.SpringBootTestContextBootstrapper - Neither @ContextConfiguration nor @ContextHierarchy found for test class [com.application.ApplicationTests], using SpringBootContextLoader
15:31:53.084 [Test worker] DEBUG org.springframework.test.context.support.AbstractContextLoader - Did not detect default resource location for test class [com.application.ApplicationTests]: class path resource [com/application/ApplicationTests-context.xml] does not exist
15:31:53.085 [Test worker] DEBUG org.springframework.test.context.support.AbstractContextLoader - Did not detect default resource location for test class [com.application.ApplicationTests]: class path resource [com/application/ApplicationTestsContext.groovy] does not exist
15:31:53.085 [Test worker] INFO org.springframework.test.context.support.AbstractContextLoader - Could not detect default resource locations for test class [com.application.ApplicationTests]: no resource found for suffixes {-context.xml, Context.groovy}.
15:31:53.085 [Test worker] INFO org.springframework.test.context.support.AnnotationConfigContextLoaderUtils - Could not detect default configuration classes for test class [com.application.ApplicationTests]: ApplicationTests does not declare any static, non-private, non-final, nested classes annotated with @Configuration.
15:31:53.117 [Test worker] DEBUG org.springframework.test.context.support.ActiveProfilesUtils - Could not find an 'annotation declaring class' for annotation type [org.springframework.test.context.ActiveProfiles] and class [com.application.ApplicationTests]
15:31:53.158 [Test worker] DEBUG org.springframework.context.annotation.ClassPathScanningCandidateComponentProvider - Identified candidate component class: file [C:\Users\SBALAS63\IdeaProjects\application\build\classes\java\main\com\application\Application.class]
15:31:53.159 [Test worker] INFO org.springframework.boot.test.context.SpringBootTestContextBootstrapper - Found @SpringBootConfiguration com.application.Application for test class com.application.ApplicationTests
15:31:53.227 [Test worker] DEBUG org.springframework.boot.test.context.SpringBootTestContextBootstrapper - @TestExecutionListeners is not present for class [com.application.ApplicationTests]: using defaults.
15:31:53.228 [Test worker] INFO org.springframework.boot.test.context.SpringBootTestContextBootstrapper - Loaded default TestExecutionListener class names from location [META-INF/spring.factories]: [org.springframework.boot.test.autoconfigure.restdocs.RestDocsTestExecutionListener, org.springframework.boot.test.autoconfigure.web.client.MockRestServiceServerResetTestExecutionListener, org.springframework.boot.test.autoconfigure.web.servlet.MockMvcPrintOnlyOnFailureTestExecutionListener, org.springframework.boot.test.autoconfigure.web.servlet.WebDriverTestExecutionListener, org.springframework.boot.test.autoconfigure.webservices.client.MockWebServiceServerTestExecutionListener, org.springframework.boot.test.mock.mockito.MockitoTestExecutionListener, org.springframework.boot.test.mock.mockito.ResetMocksTestExecutionListener, org.springframework.test.context.web.ServletTestExecutionListener, org.springframework.test.context.support.DirtiesContextBeforeModesTestExecutionListener, org.springframework.test.context.event.ApplicationEventsTestExecutionListener, org.springframework.test.context.support.DependencyInjectionTestExecutionListener, org.springframework.test.context.support.DirtiesContextTestExecutionListener, org.springframework.test.context.transaction.TransactionalTestExecutionListener, org.springframework.test.context.jdbc.SqlScriptsTestExecutionListener, org.springframework.test.context.event.EventPublishingTestExecutionListener]
15:31:53.244 [Test worker] INFO org.springframework.boot.test.context.SpringBootTestContextBootstrapper - Using TestExecutionListeners: [org.springframework.test.context.web.ServletTestExecutionListener@41a90fa8, org.springframework.test.context.support.DirtiesContextBeforeModesTestExecutionListener@3d8bbcdc, org.springframework.test.context.event.ApplicationEventsTestExecutionListener@52500920, org.springframework.boot.test.mock.mockito.MockitoTestExecutionListener@117e0fe5, org.springframework.boot.test.autoconfigure.SpringBootDependencyInjectionTestExecutionListener@18a3962d, org.springframework.test.context.support.DirtiesContextTestExecutionListener@78aea4b9, org.springframework.test.context.transaction.TransactionalTestExecutionListener@2a65bb85, org.springframework.test.context.jdbc.SqlScriptsTestExecutionListener@4b85880b, org.springframework.test.context.event.EventPublishingTestExecutionListener@4f936da8, org.springframework.boot.test.autoconfigure.restdocs.RestDocsTestExecutionListener@4215838f, org.springframework.boot.test.autoconfigure.web.client.MockRestServiceServerResetTestExecutionListener@452ba1db, org.springframework.boot.test.autoconfigure.web.servlet.MockMvcPrintOnlyOnFailureTestExecutionListener@2289aca5, org.springframework.boot.test.autoconfigure.web.servlet.WebDriverTestExecutionListener@76a36b71, org.springframework.boot.test.autoconfigure.webservices.client.MockWebServiceServerTestExecutionListener@184497d1, org.springframework.boot.test.mock.mockito.ResetMocksTestExecutionListener@f9d87b]
15:31:53.247 [Test worker] DEBUG org.springframework.test.context.support.AbstractDirtiesContextTestExecutionListener - Before test class: context [DefaultTestContext@6a62689d testClass = ApplicationTests, testInstance = [null], testMethod = [null], testException = [null], mergedContextConfiguration = [WebMergedContextConfiguration@4602c2a9 testClass = ApplicationTests, locations = '{}', classes = '{class com.application.Application}', contextInitializerClasses = '[]', activeProfiles = '{}', propertySourceLocations = '{}', propertySourceProperties = '{org.springframework.boot.test.context.SpringBootTestContextBootstrapper=true}', contextCustomizers = set[org.springframework.boot.test.autoconfigure.actuate.metrics.MetricsExportContextCustomizerFactory$DisableMetricExportContextCustomizer@6ad3381f, org.springframework.boot.test.autoconfigure.properties.PropertyMappingContextCustomizer@0, org.springframework.boot.test.autoconfigure.web.servlet.WebDriverContextCustomizerFactory$Customizer@22295ec4, org.springframework.boot.test.context.filter.ExcludeFilterContextCustomizer@70f59913, org.springframework.boot.test.json.DuplicateJsonObjectContextCustomizerFactory$DuplicateJsonObjectContextCustomizer@253d9f73, org.springframework.boot.test.mock.mockito.MockitoContextCustomizer@0, org.springframework.boot.test.web.client.TestRestTemplateContextCustomizer@2dc995f4, org.springframework.boot.test.context.SpringBootTestArgs@1, org.springframework.boot.test.context.SpringBootTestWebEnvironment@20ccf40b], resourceBasePath = 'src/main/webapp', contextLoader = 'org.springframework.boot.test.context.SpringBootContextLoader', parent = [null]], attributes = map['org.springframework.test.context.web.ServletTestExecutionListener.activateListener' -> true]], class annotated with @DirtiesContext [false] with mode [null].

  .   ____          _            __ _ _
 /\\ / ___'_ __ _ _(_)_ __  __ _ \ \ \ \
( ( )\___ | '_ | '_| | '_ \/ _` | \ \ \ \
 \\/  ___)| |_)| | | | | || (_| |  ) ) ) )
  '  |____| .__|_| |_|_| |_\__, | / / / /
 =========|_|==============|___/=/_/_/_/
 :: Spring Boot ::                (v2.7.8)

2023-03-01 15:31:53.507  INFO 5296 --- [    Test worker] com.application.ApplicationTests         : Starting ApplicationTests using Java 19.0.2 on WGC100BL7WTG3 with PID 5296 (started by SBALAS63 in C:\Users\SBALAS63\IdeaProjects\application)
2023-03-01 15:31:53.509  INFO 5296 --- [    Test worker] com.application.ApplicationTests         : No active profile set, falling back to 1 default profile: "default"
2023-03-01 15:31:54.104  INFO 5296 --- [    Test worker] .s.d.r.c.RepositoryConfigurationDelegate : Bootstrapping Spring Data JPA repositories in DEFAULT mode.
2023-03-01 15:31:54.149  INFO 5296 --- [    Test worker] .s.d.r.c.RepositoryConfigurationDelegate : Finished Spring Data repository scanning in 37 ms. Found 1 JPA repository interfaces.
2023-03-01 15:31:54.606  INFO 5296 --- [    Test worker] o.hibernate.jpa.internal.util.LogHelper  : HHH000204: Processing PersistenceUnitInfo [name: default]
2023-03-01 15:31:54.647  INFO 5296 --- [    Test worker] org.hibernate.Version                    : HHH000412: Hibernate ORM core version 5.6.14.Final
2023-03-01 15:31:54.787  INFO 5296 --- [    Test worker] o.hibernate.annotations.common.Version   : HCANN000001: Hibernate Commons Annotations {5.1.2.Final}
2023-03-01 15:31:54.872  INFO 5296 --- [    Test worker] com.zaxxer.hikari.HikariDataSource       : HikariPool-1 - Starting...
2023-03-01 15:31:55.038  INFO 5296 --- [    Test worker] com.zaxxer.hikari.HikariDataSource       : HikariPool-1 - Start completed.
2023-03-01 15:31:55.050  INFO 5296 --- [    Test worker] org.hibernate.dialect.Dialect            : HHH000400: Using dialect: org.hibernate.dialect.H2Dialect
2023-03-01 15:31:55.535  INFO 5296 --- [    Test worker] o.h.e.t.j.p.i.JtaPlatformInitiator       : HHH000490: Using JtaPlatform implementation: [org.hibernate.engine.transaction.jta.platform.internal.NoJtaPlatform]
2023-03-01 15:31:55.542  INFO 5296 --- [    Test worker] j.LocalContainerEntityManagerFactoryBean : Initialized JPA EntityManagerFactory for persistence unit 'default'
2023-03-01 15:31:56.132  WARN 5296 --- [    Test worker] JpaBaseConfiguration$JpaWebConfiguration : spring.jpa.open-in-view is enabled by default. Therefore, database queries may be performed during view rendering. Explicitly configure spring.jpa.open-in-view to disable this warning
2023-03-01 15:31:56.391  INFO 5296 --- [    Test worker] o.s.b.a.h2.H2ConsoleAutoConfiguration    : H2 console available at '/h2-console'. Database available at 'jdbc:h2:file:C:/Users/SBALAS63/db/test'
2023-03-01 15:31:58.263  INFO 5296 --- [    Test worker] com.application.ApplicationTests         : Started ApplicationTests in 4.989 seconds (JVM running for 5.954)
Hibernate: select walletdto0_.id as id1_0_0_, walletdto0_.balance as balance2_0_0_, walletdto0_.email as email3_0_0_, walletdto0_.name as name4_0_0_, walletdto0_.password as password5_0_0_ from wallet_dto walletdto0_ where walletdto0_.id=?
Hibernate: insert into wallet_dto (balance, email, name, password, id) values (?, ?, ?, ?, ?)
]]></system-out>
  <system-err><![CDATA[]]></system-err>
</testsuite>
